[debug] [2021-04-05T19:29:12.100Z] ----------------------------------------------------------------------
[debug] [2021-04-05T19:29:12.103Z] Command:       C:\Program Files\nodejs\node.exe C:\Users\user\AppData\Roaming\npm\node_modules\firebase-tools\lib\bin\firebase.js init
[debug] [2021-04-05T19:29:12.103Z] CLI Version:   9.8.0
[debug] [2021-04-05T19:29:12.104Z] Platform:      win32
[debug] [2021-04-05T19:29:12.104Z] Node Version:  v14.16.0
[debug] [2021-04-05T19:29:12.105Z] Time:          Mon Apr 05 2021 15:29:12 GMT-0400 (hora estándar de Chile)
[debug] [2021-04-05T19:29:12.105Z] ----------------------------------------------------------------------
[debug] 
[debug] [2021-04-05T19:29:12.114Z] > command requires scopes: ["email","openid","https://www.googleapis.com/auth/cloudplatformprojects.readonly","https://www.googleapis.com/auth/firebase","https://www.googleapis.com/auth/cloud-platform"]
[debug] [2021-04-05T19:29:12.114Z] > authorizing via signed-in user
[info] 
     ######## #### ########  ######## ########     ###     ######  ########
     ##        ##  ##     ## ##       ##     ##  ##   ##  ##       ##
     ######    ##  ########  ######   ########  #########  ######  ######
     ##        ##  ##    ##  ##       ##     ## ##     ##       ## ##
     ##       #### ##     ## ######## ########  ##     ##  ######  ########

You're about to initialize a Firebase project in this directory:

  C:\Users\user\Desktop\proyectoshtml\sexlima

[info] 
=== Project Setup
[info] 
[info] First, let's associate this project directory with a Firebase project.
[info] You can create multiple project aliases by running firebase use --add, 
[info] but for now we'll just set up a default project.
[info] 
[debug] [2021-04-05T19:29:20.970Z] > refreshing access token with scopes: []
[debug] [2021-04-05T19:29:20.970Z] >>> HTTP REQUEST POST https://www.googleapis.com/oauth2/v3/token  
 <request body omitted>
[debug] [2021-04-05T19:29:21.144Z] <<< HTTP RESPONSE 200 {"expires":"Mon, 01 Jan 1990 00:00:00 GMT","date":"Mon, 05 Apr 2021 19:29:21 GMT","cache-control":"no-cache, no-store, max-age=0, must-revalidate","pragma":"no-cache","content-type":"application/json; charset=utf-8","vary":"X-Origin, Referer, Origin,Accept-Encoding","server":"scaffolding on HTTPServer2","x-xss-protection":"0","x-frame-options":"SAMEORIGIN","x-content-type-options":"nosniff","alt-svc":"h3-29=\":443\"; ma=2592000,h3-T051=\":443\"; ma=2592000,h3-Q050=\":443\"; ma=2592000,h3-Q046=\":443\"; ma=2592000,h3-Q043=\":443\"; ma=2592000,quic=\":443\"; ma=2592000; v=\"46,43\"","accept-ranges":"none","transfer-encoding":"chunked"}
[debug] [2021-04-05T19:29:21.230Z] >>> [apiv2][query] GET https://firebase.googleapis.com/v1beta1/projects pageSize=100
[debug] [2021-04-05T19:29:21.608Z] <<< [apiv2][status] GET https://firebase.googleapis.com/v1beta1/projects 200
[debug] [2021-04-05T19:29:21.608Z] <<< [apiv2][body] GET https://firebase.googleapis.com/v1beta1/projects [omitted]
[info] i  Using project sexlima (sexlima) 
[info] 
=== Hosting Setup
[info] 
[info] Your public directory is the folder (relative to your project directory) that
[info] will contain Hosting assets to be uploaded with firebase deploy. If you
[info] have a build process for your assets, use your build's output directory.
[info] 
[debug] [2021-04-05T19:29:45.854Z] >>> [apiv2][query] GET https://www.gstatic.com/firebasejs/releases.json [none]
[debug] [2021-04-05T19:29:45.963Z] <<< [apiv2][status] GET https://www.gstatic.com/firebasejs/releases.json 200
[debug] [2021-04-05T19:29:45.963Z] <<< [apiv2][body] GET https://www.gstatic.com/firebasejs/releases.json {"current":{"version":"8.3.2","browserURL":"https://www.gstatic.com/firebasejs/8.3.2/firebase.js","packageURL":"https://www.gstatic.com/firebasejs/8.3.2/firebase.tgz"},"live":{"version":"8.3","browserURL":"https://www.gstatic.com/firebasejs/live/8.3/firebase.js","packageURL":"https://www.gstatic.com/firebasejs/live/8.3/firebase.tgz"},"components":{"analytics":"https://www.gstatic.com/firebasejs/8.3.2/firebase-analytics.js","app":"https://www.gstatic.com/firebasejs/8.3.2/firebase-app.js","auth":"https://www.gstatic.com/firebasejs/8.3.2/firebase-auth.js","database":"https://www.gstatic.com/firebasejs/8.3.2/firebase-database.js","firestore":"https://www.gstatic.com/firebasejs/8.3.2/firebase-firestore.js","functions":"https://www.gstatic.com/firebasejs/8.3.2/firebase-functions.js","installations":"https://www.gstatic.com/firebasejs/8.3.2/firebase-installations.js","messaging":"https://www.gstatic.com/firebasejs/8.3.2/firebase-messaging.js","storage":"https://www.gstatic.com/firebasejs/8.3.2/firebase-storage.js","performance":"https://www.gstatic.com/firebasejs/8.3.2/firebase-performance.js","remote-config":"https://www.gstatic.com/firebasejs/8.3.2/firebase-remote-config.js","firestore.memory":"https://www.gstatic.com/firebasejs/8.3.2/firebase-firestore.memory.js"}}
[info] +  Wrote public/index.html 
[info] 
[info] i  Detected a .git folder at C:\Users\user\Desktop\proyectoshtml\sexlima 
[info] i  Authorizing with GitHub to upload your service account to a GitHub repository's secrets store. 
[info] 
[info] Visit this URL on this device to log in:
[info] https://github.com/login/oauth/authorize?client_id=89cf50f02ac6aaed3484&state=463416059&redirect_uri=http%3A%2F%2Flocalhost%3A9005&scope=read%3Auser%20repo%20public_repo
[info] 
[info] Waiting for authentication...
[debug] [2021-04-05T19:29:52.253Z] >>> HTTP REQUEST POST https://github.com/login/oauth/access_token  
 {"client_id":"89cf50f02ac6aaed3484","client_secret":"3330d14abc895d9a74d5f17cd7a00711fa2c5bf0","code":"dc705148086e3ff2555f","redirect_uri":"http://localhost:9005","state":"463416059"}
[debug] [2021-04-05T19:29:52.828Z] <<< HTTP RESPONSE 200 {"server":"GitHub.com","date":"Mon, 05 Apr 2021 19:29:52 GMT","content-type":"application/json; charset=utf-8","transfer-encoding":"chunked","vary":"X-PJAX, Accept-Encoding, Accept, X-Requested-With","etag":"W/\"c6f755b83937a24c71749eb9991085fa\"","cache-control":"max-age=0, private, must-revalidate","strict-transport-security":"max-age=31536000; includeSubdomains; preload","x-frame-options":"deny","x-content-type-options":"nosniff","x-xss-protection":"0","referrer-policy":"origin-when-cross-origin, strict-origin-when-cross-origin","expect-ct":"max-age=2592000, report-uri=\"https://api.github.com/_private/browser/errors\"","content-security-policy":"default-src 'none'; base-uri 'self'; block-all-mixed-content; connect-src 'self' uploads.github.com www.githubstatus.com collector.githubapp.com api.github.com github-cloud.s3.amazonaws.com github-production-repository-file-5c1aeb.s3.amazonaws.com github-production-upload-manifest-file-7fdce7.s3.amazonaws.com github-production-user-asset-6210df.s3.amazonaws.com cdn.optimizely.com logx.optimizely.com/v1/events wss://alive.github.com; font-src github.githubassets.com; form-action 'self' github.com gist.github.com; frame-ancestors 'none'; frame-src render.githubusercontent.com; img-src 'self' data: github.githubassets.com identicons.github.com collector.githubapp.com github-cloud.s3.amazonaws.com secured-user-images.githubusercontent.com/ *.githubusercontent.com; manifest-src 'self'; media-src 'none'; script-src github.githubassets.com; style-src 'unsafe-inline' github.githubassets.com; worker-src github.com/socket-worker-3f088aa2.js gist.github.com/socket-worker-3f088aa2.js","x-github-request-id":"CA29:0FCD:E07CC8:18B6ABD:606B6530"}
[debug] [2021-04-05T19:29:52.919Z] >>> [apiv2][query] GET https://api.github.com/user [none]
[debug] [2021-04-05T19:29:53.491Z] <<< [apiv2][status] GET https://api.github.com/user 200
[debug] [2021-04-05T19:29:53.492Z] <<< [apiv2][body] GET https://api.github.com/user {"login":"lexexd","id":75400601,"node_id":"MDQ6VXNlcjc1NDAwNjAx","avatar_url":"https://avatars.githubusercontent.com/u/75400601?v=4","gravatar_id":"","url":"https://api.github.com/users/lexexd","html_url":"https://github.com/lexexd","followers_url":"https://api.github.com/users/lexexd/followers","following_url":"https://api.github.com/users/lexexd/following{/other_user}","gists_url":"https://api.github.com/users/lexexd/gists{/gist_id}","starred_url":"https://api.github.com/users/lexexd/starred{/owner}{/repo}","subscriptions_url":"https://api.github.com/users/lexexd/subscriptions","organizations_url":"https://api.github.com/users/lexexd/orgs","repos_url":"https://api.github.com/users/lexexd/repos","events_url":"https://api.github.com/users/lexexd/events{/privacy}","received_events_url":"https://api.github.com/users/lexexd/received_events","type":"User","site_admin":false,"name":null,"company":null,"blog":"","location":null,"email":null,"hireable":null,"bio":null,"twitter_username":null,"public_repos":3,"public_gists":0,"followers":0,"following":0,"created_at":"2020-12-03T00:32:11Z","updated_at":"2021-04-05T19:10:46Z","private_gists":0,"total_private_repos":0,"owned_private_repos":0,"disk_usage":146,"collaborators":0,"two_factor_authentication":false,"plan":{"name":"free","space":976562499,"collaborators":0,"private_repos":10000}}
[info] 
[info] +  Success! Logged into GitHub as lexexd 
[info] 
[debug] [2021-04-05T19:30:12.450Z] >>> [apiv2][query] GET https://api.github.com/repos//actions/secrets/public-key type=owner
[debug] [2021-04-05T19:30:12.945Z] <<< [apiv2][status] GET https://api.github.com/repos//actions/secrets/public-key 404
[debug] [2021-04-05T19:30:12.945Z] <<< [apiv2][body] GET https://api.github.com/repos//actions/secrets/public-key {"message":"Not Found","documentation_url":"https://docs.github.com/rest"}
[debug] [2021-04-05T19:30:14.755Z] >>> [apiv2][query] GET https://api.github.com/repos//actions/secrets/public-key type=owner
[debug] [2021-04-05T19:30:15.237Z] <<< [apiv2][status] GET https://api.github.com/repos//actions/secrets/public-key 404
[debug] [2021-04-05T19:30:15.238Z] <<< [apiv2][body] GET https://api.github.com/repos//actions/secrets/public-key {"message":"Not Found","documentation_url":"https://docs.github.com/rest"}
[debug] [2021-04-05T19:33:41.743Z] >>> [apiv2][query] GET https://api.github.com/repos//actions/secrets/public-key type=owner
[debug] [2021-04-05T19:33:42.255Z] <<< [apiv2][status] GET https://api.github.com/repos//actions/secrets/public-key 404
[debug] [2021-04-05T19:33:42.256Z] <<< [apiv2][body] GET https://api.github.com/repos//actions/secrets/public-key {"message":"Not Found","documentation_url":"https://docs.github.com/rest"}
[debug] [2021-04-05T19:33:44.265Z] >>> [apiv2][query] GET https://api.github.com/repos//actions/secrets/public-key type=owner
[debug] [2021-04-05T19:33:44.502Z] >>> [apiv2][query] GET https://api.github.com/repos//actions/secrets/public-key type=owner
[debug] [2021-04-05T19:33:44.781Z] <<< [apiv2][status] GET https://api.github.com/repos//actions/secrets/public-key 404
[debug] [2021-04-05T19:33:44.781Z] <<< [apiv2][body] GET https://api.github.com/repos//actions/secrets/public-key {"message":"Not Found","documentation_url":"https://docs.github.com/rest"}
[debug] [2021-04-05T19:33:45.040Z] <<< [apiv2][status] GET https://api.github.com/repos//actions/secrets/public-key 404
[debug] [2021-04-05T19:33:45.040Z] <<< [apiv2][body] GET https://api.github.com/repos//actions/secrets/public-key {"message":"Not Found","documentation_url":"https://docs.github.com/rest"}
